<?xml version="1.0" encoding="UTF-8"?>
<!-- Generated by org.testng.reporters.JUnitReportReporter -->
<testsuite hostname="LAPTOP-RQ5ADVUS" failures="0" tests="5" name="jupiterCloudProject.testCases" time="28.472" errors="0" timestamp="2024-01-09T23:20:36 EET" skipped="0">
  <testcase classname="jupiterCloudProject.testCases" name="addAllItems" time="2.364"/>
  <system-out/>
  <testcase classname="jupiterCloudProject.testCases" name="checkoutProcess" time="20.716"/>
  <system-out/>
  <testcase classname="jupiterCloudProject.testCases" name="addTheHighestPriceProduct" time="2.492"/>
  <system-out/>
  <testcase classname="jupiterCloudProject.testCases" name="addItemsInTheSecondRow" time="0.266"/>
  <system-out/>
  <testcase classname="jupiterCloudProject.testCases" name="removeFirstAndThirdItem" time="2.634"/>
  <system-out/>
</testsuite> <!-- jupiterCloudProject.testCases -->
